<?xml version="1.0" encoding="UTF-8"?>
<!-- Generated by org.testng.reporters.JUnitXMLReporter -->
<testsuite ignored="0" hostname="LAPTOP-O6AFM3UT" failures="0" tests="3" name="Test" time="0.05" errors="0" timestamp="2024-02-21T21:27:30 EST">
  <testcase classname="runningMultipleTest_case.sanityTestCase" name="test1" time="0.005"/>
  <testcase classname="runningMultipleTest_case.sanityTestCase" name="test2" time="0.0"/>
  <testcase classname="runningMultipleTest_case.sanityTestCase" name="test3" time="0.0"/>
</testsuite> <!-- Test -->
